<?xml version="1.0" encoding="UTF-8"?>
<!-- Generated by org.testng.reporters.JUnitXMLReporter -->
<testsuite ignored="0" hostname="DESKTOP-DVKSCCQ" failures="0" tests="3" name="Tests" time="12.889" errors="0" timestamp="13 апр. 2020 14:29:40 GMT">
  <testcase classname="CalculatorTest" name="addTwoNumbers" time="0.0"/>
  <testcase classname="CalculatorTest" name="subtractTwoNumbers" time="0.0"/>
  <testcase classname="SeleniumTest" name="SimpleSeleniumTest" time="12.874"/>
</testsuite> <!-- Tests -->
