<?xml version="1.0" encoding="UTF-8"?>
<!-- Generated by org.testng.reporters.JUnitXMLReporter -->
<testsuite ignored="0" hostname="DESKTOP-DVKSCCQ" failures="0" tests="3" name="Command line test" time="12.642" errors="0" timestamp="2020-04-13T17:33:18 EEST">
  <testcase classname="CalculatorTest" name="addTwoNumbers" time="0.003"/>
  <testcase classname="CalculatorTest" name="subtractTwoNumbers" time="0.0"/>
  <testcase classname="SeleniumTest" name="SimpleSeleniumTest" time="12.619"/>
</testsuite> <!-- Command line test -->
