<?xml version="1.0" encoding="UTF-8"?>
<testng-results ignored="0" total="3" passed="3" failed="0" skipped="0">
  <reporter-output>
  </reporter-output>
  <suite started-at="2020-04-15T14:55:54 EEST" name="Command line suite" finished-at="2020-04-15T14:56:05 EEST" duration-ms="11592">
    <groups>
    </groups>
    <test started-at="2020-04-15T14:55:54 EEST" name="Command line test" finished-at="2020-04-15T14:56:05 EEST" duration-ms="11592">
      <class name="CalculatorTest">
        <test-method signature="addTwoNumbers()[pri:0, instance:CalculatorTest@74ad1f1f]" started-at="2020-04-15T14:55:54 EEST" name="addTwoNumbers" finished-at="2020-04-15T14:55:54 EEST" duration-ms="0" status="PASS">
          <reporter-output>
          </reporter-output>
        </test-method> <!-- addTwoNumbers -->
        <test-method signature="subtractTwoNumbers()[pri:0, instance:CalculatorTest@74ad1f1f]" started-at="2020-04-15T14:55:54 EEST" name="subtractTwoNumbers" finished-at="2020-04-15T14:55:54 EEST" duration-ms="0" status="PASS">
          <reporter-output>
          </reporter-output>
        </test-method> <!-- subtractTwoNumbers -->
      </class> <!-- CalculatorTest -->
      <class name="SeleniumTest">
        <test-method signature="SimpleSeleniumTest()[pri:0, instance:SeleniumTest@6a1aab78]" started-at="2020-04-15T14:55:54 EEST" name="SimpleSeleniumTest" finished-at="2020-04-15T14:56:05 EEST" duration-ms="11559" status="PASS">
          <reporter-output>
          </reporter-output>
        </test-method> <!-- SimpleSeleniumTest -->
      </class> <!-- SeleniumTest -->
    </test> <!-- Command line test -->
  </suite> <!-- Command line suite -->
</testng-results>
